2024-04-19 15:39:37,194	 INFO: Found executable for GRAPES
2024-04-19 15:39:37,196	 INFO: Found executable for target_depth.py
2024-04-19 15:39:37,196	 INFO: Found annotation mappability
2024-04-19 15:39:37,196	 INFO: Found annotation blacklist
2024-04-19 15:39:37,196	 INFO: Found annotation chromosomes
2024-04-19 15:39:37,263	 INFO: Extracting mappability
2024-04-19 15:39:37,263	 INFO: Skipping mappability extraction
2024-04-19 15:39:39,009	 INFO: Calculating coverage ratios for sample RB36992.rmdup.simulated
2024-04-19 15:39:40,322	 INFO: Calculating coverage ratios for sample RB36993.rmdup.simulated
2024-04-19 15:39:41,622	 INFO: Calculating coverage ratios for sample RB36994.rmdup.simulated
2024-04-19 15:39:42,912	 INFO: Calculating coverage ratios for sample RB36997.rmdup.simulated
2024-04-19 15:39:44,193	 INFO: Calculating coverage ratios for sample RB36999.rmdup.simulated
2024-04-19 15:39:45,473	 INFO: Calculating coverage ratios for sample RB37000.rmdup.simulated
2024-04-19 15:39:46,745	 INFO: Calculating coverage ratios for sample RB37001.rmdup.simulated
2024-04-19 15:39:48,036	 INFO: Calculating coverage ratios for sample RB37002.rmdup.simulated
2024-04-19 15:39:49,320	 INFO: Calculating coverage ratios for sample RB37003.rmdup.simulated
2024-04-19 15:39:50,602	 INFO: Calculating coverage ratios for sample RB37004.rmdup.simulated
2024-04-19 15:39:54,648	 INFO: segmenting sample RB36992.rmdup.simulated
2024-04-19 15:39:59,888	 INFO: segmenting sample RB36993.rmdup.simulated
2024-04-19 15:40:05,128	 INFO: segmenting sample RB36994.rmdup.simulated
2024-04-19 15:40:10,398	 INFO: segmenting sample RB36997.rmdup.simulated
2024-04-19 15:40:15,697	 INFO: segmenting sample RB36999.rmdup.simulated
2024-04-19 15:40:20,993	 INFO: segmenting sample RB37000.rmdup.simulated
2024-04-19 15:40:26,291	 INFO: segmenting sample RB37001.rmdup.simulated
2024-04-19 15:40:31,567	 INFO: segmenting sample RB37002.rmdup.simulated
2024-04-19 15:40:36,884	 INFO: segmenting sample RB37003.rmdup.simulated
2024-04-19 15:40:42,170	 INFO: segmenting sample RB37004.rmdup.simulated
2024-04-19 15:40:47,465	 INFO: Calling segmented CNVs on sample RB36992.rmdup.simulated
2024-04-19 15:40:47,614	 INFO: Calling segmented CNVs on sample RB36993.rmdup.simulated
2024-04-19 15:40:47,764	 INFO: Calling segmented CNVs on sample RB36994.rmdup.simulated
2024-04-19 15:40:47,915	 INFO: Calling segmented CNVs on sample RB36997.rmdup.simulated
2024-04-19 15:40:48,065	 INFO: Calling segmented CNVs on sample RB36999.rmdup.simulated
2024-04-19 15:40:48,199	 INFO: Calling segmented CNVs on sample RB37000.rmdup.simulated
2024-04-19 15:40:49,599	 INFO: Calling segmented CNVs on sample RB37001.rmdup.simulated
2024-04-19 15:40:49,749	 INFO: Calling segmented CNVs on sample RB37002.rmdup.simulated
2024-04-19 15:40:49,911	 INFO: Calling segmented CNVs on sample RB37003.rmdup.simulated
2024-04-19 15:40:50,061	 INFO: Calling segmented CNVs on sample RB37004.rmdup.simulated
2024-04-19 15:40:52,244	 INFO: Calling single-exon CNVs on sample RB36992.rmdup.simulated
2024-04-19 15:40:53,557	 INFO: Calling single-exon CNVs on sample RB36993.rmdup.simulated
2024-04-19 15:40:54,829	 INFO: Calling single-exon CNVs on sample RB36994.rmdup.simulated
2024-04-19 15:40:56,099	 INFO: Calling single-exon CNVs on sample RB36997.rmdup.simulated
2024-04-19 15:40:57,458	 INFO: Calling single-exon CNVs on sample RB36999.rmdup.simulated
2024-04-19 15:40:57,878	 INFO: Calling single-exon CNVs on sample RB37000.rmdup.simulated
2024-04-19 15:40:58,304	 INFO: Calling single-exon CNVs on sample RB37001.rmdup.simulated
2024-04-19 15:40:59,579	 INFO: Calling single-exon CNVs on sample RB37002.rmdup.simulated
2024-04-19 15:41:01,844	 INFO: Calling single-exon CNVs on sample RB37003.rmdup.simulated
2024-04-19 15:41:03,138	 INFO: Calling single-exon CNVs on sample RB37004.rmdup.simulated
2024-04-19 15:41:04,465	 INFO: Calling CNVs on sample RB36992.rmdup.simulated
2024-04-19 15:41:04,470	 INFO: Calling CNVs on sample RB36993.rmdup.simulated
2024-04-19 15:41:04,476	 INFO: Calling CNVs on sample RB36994.rmdup.simulated
2024-04-19 15:41:04,482	 INFO: Calling CNVs on sample RB36997.rmdup.simulated
2024-04-19 15:41:04,487	 INFO: Calling CNVs on sample RB36999.rmdup.simulated
2024-04-19 15:41:04,492	 INFO: Calling CNVs on sample RB37000.rmdup.simulated
2024-04-19 15:41:04,497	 INFO: Calling CNVs on sample RB37001.rmdup.simulated
2024-04-19 15:41:04,503	 INFO: Calling CNVs on sample RB37002.rmdup.simulated
2024-04-19 15:41:04,509	 INFO: Calling CNVs on sample RB37003.rmdup.simulated
2024-04-19 15:41:04,515	 INFO: Calling CNVs on sample RB37004.rmdup.simulated
